[2018-05-01T17:45:03.801] [TRACE] development - API - user signup called
[2018-05-01T17:45:03.802] [DEBUG] development - req.body =  {}
[2018-05-01T17:45:03.812] [ERROR] development - Validation Error =  [ { location: 'body',
    param: 'first_name',
    msg: 'First name is required',
    value: undefined },
  { location: 'body',
    param: 'last_name',
    msg: 'Last name is required',
    value: undefined },
  { location: 'body',
    param: 'dob',
    msg: 'Date of Birth is required',
    value: undefined },
  { location: 'body',
    param: 'email',
    msg: 'Email address is required',
    value: undefined },
  { location: 'body',
    param: 'email',
    msg: 'Please enter valid email address',
    value: undefined },
  { location: 'body',
    param: 'phone_number',
    msg: 'Phone Number is required',
    value: undefined },
  { location: 'body',
    param: 'faculty',
    msg: 'Faculty is required',
    value: undefined } ]
[2018-05-01T17:45:37.453] [TRACE] development - API - user signup called
[2018-05-01T17:45:37.453] [DEBUG] development - req.body =  {}
[2018-05-01T17:45:37.457] [ERROR] development - Validation Error =  [ { location: 'body',
    param: 'first_name',
    msg: 'First name is required',
    value: undefined },
  { location: 'body',
    param: 'last_name',
    msg: 'Last name is required',
    value: undefined },
  { location: 'body',
    param: 'dob',
    msg: 'Date of Birth is required',
    value: undefined },
  { location: 'body',
    param: 'email',
    msg: 'Email address is required',
    value: undefined },
  { location: 'body',
    param: 'email',
    msg: 'Please enter valid email address',
    value: undefined },
  { location: 'body',
    param: 'phone_number',
    msg: 'Phone Number is required',
    value: undefined },
  { location: 'body',
    param: 'faculty',
    msg: 'Faculty is required',
    value: undefined } ]
[2018-05-01T17:45:52.442] [TRACE] development - API - user signup called
[2018-05-01T17:45:52.442] [DEBUG] development - req.body =  {}
[2018-05-01T17:45:52.446] [ERROR] development - Validation Error =  [ { location: 'body',
    param: 'first_name',
    msg: 'First name is required',
    value: undefined },
  { location: 'body',
    param: 'last_name',
    msg: 'Last name is required',
    value: undefined },
  { location: 'body',
    param: 'dob',
    msg: 'Date of Birth is required',
    value: undefined },
  { location: 'body',
    param: 'email',
    msg: 'Email address is required',
    value: undefined },
  { location: 'body',
    param: 'email',
    msg: 'Please enter valid email address',
    value: undefined },
  { location: 'body',
    param: 'phone_number',
    msg: 'Phone Number is required',
    value: undefined },
  { location: 'body',
    param: 'faculty',
    msg: 'Faculty is required',
    value: undefined } ]
